<?xml version="1.0" encoding="UTF-8"?>
<!-- Generated by org.testng.reporters.JUnitReportReporter -->
<testsuite hostname="DESKTOP-AK9HRF7" failures="0" tests="4" name="TestRunner.TestRunner" time="8.287" errors="0" timestamp="2024-11-26T20:41:58 GMT-04:00" skipped="0">
  <testcase classname="TestRunner.TestRunner" name="runScenario" time="2.169"/>
  <system-out/>
  <testcase classname="TestRunner.TestRunner" name="runScenario" time="3.528"/>
  <system-out/>
  <testcase classname="TestRunner.TestRunner" name="runScenario" time="1.598"/>
  <system-out/>
  <testcase classname="TestRunner.TestRunner" name="runScenario" time="0.992"/>
  <system-out/>
</testsuite> <!-- TestRunner.TestRunner -->
