<?xml version="1.0" encoding="UTF-8"?>
<!-- Generated by org.testng.reporters.JUnitReportReporter -->
<testsuite hostname="DESKTOP-AK9HRF7" failures="0" tests="4" name="TestRunner.TestRunner" time="4.927" errors="0" timestamp="2024-11-26T21:29:28 GMT-04:00" skipped="0">
  <testcase classname="TestRunner.TestRunner" name="runScenario" time="1.025"/>
  <system-out/>
  <testcase classname="TestRunner.TestRunner" name="runScenario" time="2.521"/>
  <system-out/>
  <testcase classname="TestRunner.TestRunner" name="runScenario" time="0.814"/>
  <system-out/>
  <testcase classname="TestRunner.TestRunner" name="runScenario" time="0.567"/>
  <system-out/>
</testsuite> <!-- TestRunner.TestRunner -->
