<?xml version="1.0" encoding="UTF-8"?>
<!-- Generated by org.testng.reporters.JUnitReportReporter -->
<testsuite hostname="DESKTOP-AK9HRF7" failures="0" tests="4" name="TestRunner.TestRunner" time="4.621" errors="0" timestamp="2024-11-26T21:48:04 GMT-04:00" skipped="0">
  <testcase classname="TestRunner.TestRunner" name="runScenario" time="1.020"/>
  <system-out/>
  <testcase classname="TestRunner.TestRunner" name="runScenario" time="2.255"/>
  <system-out/>
  <testcase classname="TestRunner.TestRunner" name="runScenario" time="0.809"/>
  <system-out/>
  <testcase classname="TestRunner.TestRunner" name="runScenario" time="0.537"/>
  <system-out/>
</testsuite> <!-- TestRunner.TestRunner -->
